[debug] [2023-08-31T14:18:55.348Z] ----------------------------------------------------------------------
[debug] [2023-08-31T14:18:55.350Z] Command:       C:\Program Files\nodejs\node.exe C:\Users\eduar\AppData\Roaming\npm\node_modules\firebase-tools\lib\bin\firebase.js init
[debug] [2023-08-31T14:18:55.350Z] CLI Version:   12.5.2
[debug] [2023-08-31T14:18:55.350Z] Platform:      win32
[debug] [2023-08-31T14:18:55.350Z] Node Version:  v18.16.0
[debug] [2023-08-31T14:18:55.351Z] Time:          Thu Aug 31 2023 17:18:55 GMT+0300 (Israel Daylight Time)
[debug] [2023-08-31T14:18:55.351Z] ----------------------------------------------------------------------
[debug] 
[debug] [2023-08-31T14:18:55.427Z] > command requires scopes: ["email","openid","https://www.googleapis.com/auth/cloudplatformprojects.readonly","https://www.googleapis.com/auth/firebase","https://www.googleapis.com/auth/cloud-platform"]
[debug] [2023-08-31T14:18:55.427Z] > authorizing via signed-in user (eduard19888@gmail.com)
[info] 
     ######## #### ########  ######## ########     ###     ######  ########
     ##        ##  ##     ## ##       ##     ##  ##   ##  ##       ##
     ######    ##  ########  ######   ########  #########  ######  ######
     ##        ##  ##    ##  ##       ##     ## ##     ##       ## ##
     ##       #### ##     ## ######## ########  ##     ##  ######  ########

You're about to initialize a Firebase project in this directory:

  C:\Users\eduar\Desktop\אדי\לימודים\שנה 2\סמסטר ב\Full Stack\spotify_clone

Before we get started, keep in mind:

  * You are initializing within an existing Firebase project directory

